DEBUG	Num contours first: 647
DEBUG	Len list chars after: 46
DEBUG	Char: (81, 188, 9, 18)
DEBUG	Char: (96, 177, 4, 13)
DEBUG	Char: (110, 45, 7, 13)
DEBUG	Char: (113, 0, 10, 44)
DEBUG	Char: (117, 77, 23, 28)
DEBUG	Char: (135, 193, 7, 10)
DEBUG	Char: (131, 119, 15, 41)
DEBUG	Char: (137, 204, 23, 36)
DEBUG	Char: (145, 29, 11, 12)
DEBUG	Char: (161, 208, 11, 40)
DEBUG	Char: (159, 191, 16, 21)
DEBUG	Char: (177, 219, 5, 9)
DEBUG	Char: (178, 164, 3, 17)
DEBUG	Char: (182, 70, 8, 16)
DEBUG	Char: (211, 214, 3, 17)
DEBUG	Char: (208, 236, 11, 16)
DEBUG	Char: (238, 258, 16, 37)
DEBUG	Char: (242, 203, 11, 27)
DEBUG	Char: (244, 170, 13, 28)
DEBUG	Char: (255, 200, 13, 28)
DEBUG	Char: (260, 171, 6, 12)
DEBUG	Char: (258, 169, 12, 26)
DEBUG	Char: (211, 78, 112, 157)
DEBUG	Char: (270, 198, 13, 27)
DEBUG	Char: (274, 211, 6, 12)
DEBUG	Char: (283, 164, 13, 28)
DEBUG	Char: (291, 195, 11, 28)
DEBUG	Char: (297, 163, 10, 27)
DEBUG	Char: (309, 196, 6, 10)
DEBUG	Char: (306, 193, 13, 26)
DEBUG	Char: (310, 207, 6, 10)
DEBUG	Char: (321, 33, 16, 26)
DEBUG	Char: (354, 193, 5, 11)
DEBUG	Char: (404, 78, 7, 9)
DEBUG	Char: (405, 62, 11, 12)
DEBUG	Char: (418, 91, 8, 11)
DEBUG	Char: (423, 3, 6, 11)
DEBUG	Char: (426, 180, 9, 10)
DEBUG	Char: (435, 29, 9, 13)
DEBUG	Char: (447, 63, 11, 19)
DEBUG	Char: (457, 146, 6, 13)
DEBUG	Char: (460, 19, 7, 13)
DEBUG	Char: (461, 135, 8, 10)
DEBUG	Char: (482, 115, 10, 11)
DEBUG	Char: (487, 80, 13, 21)
DEBUG	Char: (491, 170, 7, 9)
ERROR	CALL RECURSIVE.///
DEBUG	---> APPEND (255, 200, 13, 28)
DEBUG	---> APPEND (270, 198, 13, 27)
DEBUG	---> APPEND (291, 195, 11, 28)
DEBUG	---> APPEND (306, 193, 13, 26)
DEBUG	List char remain item: (81, 188, 9, 18)
DEBUG	List char remain item: (96, 177, 4, 13)
DEBUG	List char remain item: (110, 45, 7, 13)
DEBUG	List char remain item: (113, 0, 10, 44)
DEBUG	List char remain item: (117, 77, 23, 28)
DEBUG	List char remain item: (135, 193, 7, 10)
DEBUG	List char remain item: (131, 119, 15, 41)
DEBUG	List char remain item: (137, 204, 23, 36)
DEBUG	List char remain item: (145, 29, 11, 12)
DEBUG	List char remain item: (161, 208, 11, 40)
DEBUG	List char remain item: (159, 191, 16, 21)
DEBUG	List char remain item: (177, 219, 5, 9)
DEBUG	List char remain item: (178, 164, 3, 17)
DEBUG	List char remain item: (182, 70, 8, 16)
DEBUG	List char remain item: (211, 214, 3, 17)
DEBUG	List char remain item: (208, 236, 11, 16)
DEBUG	List char remain item: (238, 258, 16, 37)
DEBUG	List char remain item: (244, 170, 13, 28)
DEBUG	List char remain item: (260, 171, 6, 12)
DEBUG	List char remain item: (258, 169, 12, 26)
DEBUG	List char remain item: (211, 78, 112, 157)
DEBUG	List char remain item: (274, 211, 6, 12)
DEBUG	List char remain item: (283, 164, 13, 28)
DEBUG	List char remain item: (297, 163, 10, 27)
DEBUG	List char remain item: (309, 196, 6, 10)
DEBUG	List char remain item: (310, 207, 6, 10)
DEBUG	List char remain item: (321, 33, 16, 26)
DEBUG	List char remain item: (354, 193, 5, 11)
DEBUG	List char remain item: (404, 78, 7, 9)
DEBUG	List char remain item: (405, 62, 11, 12)
DEBUG	List char remain item: (418, 91, 8, 11)
DEBUG	List char remain item: (423, 3, 6, 11)
DEBUG	List char remain item: (426, 180, 9, 10)
DEBUG	List char remain item: (435, 29, 9, 13)
DEBUG	List char remain item: (447, 63, 11, 19)
DEBUG	List char remain item: (457, 146, 6, 13)
DEBUG	List char remain item: (460, 19, 7, 13)
DEBUG	List char remain item: (461, 135, 8, 10)
DEBUG	List char remain item: (482, 115, 10, 11)
DEBUG	List char remain item: (487, 80, 13, 21)
DEBUG	List char remain item: (491, 170, 7, 9)
WARNING	Len list char: 46, len list remain: 41
ERROR	CALL RECURSIVE.///
DEBUG	---> APPEND (258, 169, 12, 26)
DEBUG	---> APPEND (283, 164, 13, 28)
DEBUG	---> APPEND (297, 163, 10, 27)
DEBUG	List char remain item: (81, 188, 9, 18)
DEBUG	List char remain item: (96, 177, 4, 13)
DEBUG	List char remain item: (110, 45, 7, 13)
DEBUG	List char remain item: (113, 0, 10, 44)
DEBUG	List char remain item: (117, 77, 23, 28)
DEBUG	List char remain item: (135, 193, 7, 10)
DEBUG	List char remain item: (131, 119, 15, 41)
DEBUG	List char remain item: (137, 204, 23, 36)
DEBUG	List char remain item: (145, 29, 11, 12)
DEBUG	List char remain item: (161, 208, 11, 40)
DEBUG	List char remain item: (159, 191, 16, 21)
DEBUG	List char remain item: (177, 219, 5, 9)
DEBUG	List char remain item: (178, 164, 3, 17)
DEBUG	List char remain item: (182, 70, 8, 16)
DEBUG	List char remain item: (211, 214, 3, 17)
DEBUG	List char remain item: (208, 236, 11, 16)
DEBUG	List char remain item: (238, 258, 16, 37)
DEBUG	List char remain item: (260, 171, 6, 12)
DEBUG	List char remain item: (211, 78, 112, 157)
DEBUG	List char remain item: (274, 211, 6, 12)
DEBUG	List char remain item: (309, 196, 6, 10)
DEBUG	List char remain item: (310, 207, 6, 10)
DEBUG	List char remain item: (321, 33, 16, 26)
DEBUG	List char remain item: (354, 193, 5, 11)
DEBUG	List char remain item: (404, 78, 7, 9)
DEBUG	List char remain item: (405, 62, 11, 12)
DEBUG	List char remain item: (418, 91, 8, 11)
DEBUG	List char remain item: (423, 3, 6, 11)
DEBUG	List char remain item: (426, 180, 9, 10)
DEBUG	List char remain item: (435, 29, 9, 13)
DEBUG	List char remain item: (447, 63, 11, 19)
DEBUG	List char remain item: (457, 146, 6, 13)
DEBUG	List char remain item: (460, 19, 7, 13)
DEBUG	List char remain item: (461, 135, 8, 10)
DEBUG	List char remain item: (482, 115, 10, 11)
DEBUG	List char remain item: (487, 80, 13, 21)
DEBUG	List char remain item: (491, 170, 7, 9)
WARNING	Len list char: 41, len list remain: 37
ERROR	CALL RECURSIVE.///
DEBUG	---> APPEND (310, 207, 6, 10)
DEBUG	List char remain item: (81, 188, 9, 18)
DEBUG	List char remain item: (96, 177, 4, 13)
DEBUG	List char remain item: (110, 45, 7, 13)
DEBUG	List char remain item: (113, 0, 10, 44)
DEBUG	List char remain item: (117, 77, 23, 28)
DEBUG	List char remain item: (135, 193, 7, 10)
DEBUG	List char remain item: (131, 119, 15, 41)
DEBUG	List char remain item: (137, 204, 23, 36)
DEBUG	List char remain item: (145, 29, 11, 12)
DEBUG	List char remain item: (161, 208, 11, 40)
DEBUG	List char remain item: (159, 191, 16, 21)
DEBUG	List char remain item: (177, 219, 5, 9)
DEBUG	List char remain item: (178, 164, 3, 17)
DEBUG	List char remain item: (182, 70, 8, 16)
DEBUG	List char remain item: (211, 214, 3, 17)
DEBUG	List char remain item: (208, 236, 11, 16)
DEBUG	List char remain item: (238, 258, 16, 37)
DEBUG	List char remain item: (260, 171, 6, 12)
DEBUG	List char remain item: (211, 78, 112, 157)
DEBUG	List char remain item: (309, 196, 6, 10)
DEBUG	List char remain item: (321, 33, 16, 26)
DEBUG	List char remain item: (354, 193, 5, 11)
DEBUG	List char remain item: (404, 78, 7, 9)
DEBUG	List char remain item: (405, 62, 11, 12)
DEBUG	List char remain item: (418, 91, 8, 11)
DEBUG	List char remain item: (423, 3, 6, 11)
DEBUG	List char remain item: (426, 180, 9, 10)
DEBUG	List char remain item: (435, 29, 9, 13)
DEBUG	List char remain item: (447, 63, 11, 19)
DEBUG	List char remain item: (457, 146, 6, 13)
DEBUG	List char remain item: (460, 19, 7, 13)
DEBUG	List char remain item: (461, 135, 8, 10)
DEBUG	List char remain item: (482, 115, 10, 11)
DEBUG	List char remain item: (487, 80, 13, 21)
DEBUG	List char remain item: (491, 170, 7, 9)
WARNING	Len list char: 37, len list remain: 35
ERROR	CALL RECURSIVE.///
DEBUG	Len List Cluster Char: 3
DEBUG	ITEM LIST CLUSTER CHAR:
DEBUG	Char: (255, 200, 13, 28)
DEBUG	Char: (270, 198, 13, 27)
DEBUG	Char: (291, 195, 11, 28)
DEBUG	Char: (306, 193, 13, 26)
DEBUG	Char: (242, 203, 11, 27)
DEBUG	ITEM LIST CLUSTER CHAR:
DEBUG	Char: (258, 169, 12, 26)
DEBUG	Char: (283, 164, 13, 28)
DEBUG	Char: (297, 163, 10, 27)
DEBUG	Char: (244, 170, 13, 28)
DEBUG	ITEM LIST CLUSTER CHAR:
DEBUG	Char: (310, 207, 6, 10)
DEBUG	Char: (274, 211, 6, 12)
DEBUG	----> rrLocation: (280.0, 211.25, 138, 40, -9.176203340376144)
DEBUG	----> rrLocation: (276.25, 180.25, 113, 40, -8.28579702395375)
DEBUG	----> rrLocation: (295.0, 214.5, 75, 16, -7.907162702958458)
DEBUG	---> plateDistance: 0.780649769423, plate Height: 1.0, angle: -0.890406316422
DEBUG	---> plateDistance: 0.959252842386, plate Height: 2.5, angle: -1.26904063742
DEBUG	---> plateDistance: 1.57659656802, plate Height: 5.0, angle: -0.823837479206
INFO	Len list plate: 1
