DEBUG	LINE
0
0000000011111111111100000000
0000000111111111111110000000
0000011111111111111111100000
0001111111111111111111110000
0111111111111111111111111000
0011111111100000011111111000
0000000000000000001111111000
0000000000000000011111111000
0000000000000000111111110000
0000000000000001111111100000
0000000000000011111110000000
0000000000000111111100000000
0000000000001111111000000000
0000000000011111110000000000
0000000000111111100000000000
0000000001111111100000000000
0000000011111111000000000000
0000000111111110000000000000
0000000111111100000000000000
0000001111111000000000000000
0000111111100000000000000000
0001111111100000000000000000
0011111111100000000000000000
1111111111111111111111100001
1111111111111111111111111001
1111111111111111111111111000
1111111111111111111111110000
011111100111111111111111000
